[06 Dec 2015 20:12:28] Building database metadata model
[06 Dec 2015 20:12:28] Properties: {partialRefresh=false, processColumnsUsingSelect=, includePrimaryKeys=true, eventSocketClient=com.webratio.commons.net.EventSocketClient@62170848, includeTables=true, username=admin, outputLogPath=/home/guruprasad/WebRatio_Platform_University_Student_Edition_7.2.9.x64bit.Linux/WebRatio/workspace/exercise8/.Temp~/DB.xml.log, readIndexes=null, driverClass=org.apache.derby.jdbc.ClientDriver, includeSynonyms=true, metaDataProviderClass=com.webratio.commons.db.metadata.DerbyMetaDataProvider, outputPath=/home/guruprasad/WebRatio_Platform_University_Student_Edition_7.2.9.x64bit.Linux/WebRatio/workspace/exercise8/.Temp~/DB.xml, schemaRegex=null, readProcedures=null, includeViews=true, derby.system.home=/home/guruprasad/WebRatio_Platform_University_Student_Edition_7.2.9.x64bit.Linux/WebRatio/workspace/.metadata/.plugins/com.webratio.commons.db/derby, url=jdbc:derby://localhost:3309/db;create=true, tableRegex=null, readSQLDefinitions=true, includeForeignKeys=false, retrieveAllNames=false, tablesToRefresh=, eventSocketPort=59512}
[06 Dec 2015 20:12:28] URL: jdbc:derby://localhost:3309/db;create=true
[06 Dec 2015 20:12:28] Product name: Apache Derby
[06 Dec 2015 20:12:28] Product version: 10.5.3.0 - (802917)
[06 Dec 2015 20:12:28] Driver name: Apache Derby Network Client JDBC Driver
[06 Dec 2015 20:12:28] Driver version: 10.5.3.0 - (802917)
[06 Dec 2015 20:12:28] Driver major version: 10
[06 Dec 2015 20:12:28] Driver minor version: 5
[06 Dec 2015 20:12:28] Identifier quote string: 5
[06 Dec 2015 20:12:28] Retrieving schemas
[06 Dec 2015 20:12:28]   Found schema: APP
[06 Dec 2015 20:12:28]   Found schema: NULLID
[06 Dec 2015 20:12:28]   Found schema: SQLJ
[06 Dec 2015 20:12:28]   Found schema: SYS
[06 Dec 2015 20:12:28]   Found schema: SYSCAT
[06 Dec 2015 20:12:28]   Found schema: SYSCS_DIAG
[06 Dec 2015 20:12:28]   Found schema: SYSCS_UTIL
[06 Dec 2015 20:12:28]   Found schema: SYSFUN
[06 Dec 2015 20:12:28]   Found schema: SYSIBM
[06 Dec 2015 20:12:28]   Found schema: SYSPROC
[06 Dec 2015 20:12:28]   Found schema: SYSSTAT
[06 Dec 2015 20:12:28] Retrieving [TABLE, VIEW, SYNONYM] for schema 'APP'
[06 Dec 2015 20:12:28]   Found 'APP.AUTHOR' [type = TABLE]
[06 Dec 2015 20:12:28]   Found 'APP.GROUP' [type = TABLE]
[06 Dec 2015 20:12:28]   Found 'APP.GROUP_MODULE' [type = TABLE]
[06 Dec 2015 20:12:28]   Found 'APP.MESSAGE' [type = TABLE]
[06 Dec 2015 20:12:28]   Found 'APP.MODULE' [type = TABLE]
[06 Dec 2015 20:12:28]   Found 'APP.USER' [type = TABLE]
[06 Dec 2015 20:12:28]   Found 'APP.USER_GROUP' [type = TABLE]
[06 Dec 2015 20:12:28]   Found 'APP.MESSAGETOAUTHOR_VIEW' [type = VIEW]
[06 Dec 2015 20:12:28] Retrieving [TABLE, VIEW, SYNONYM] for schema 'NULLID'
[06 Dec 2015 20:12:28] Retrieving [TABLE, VIEW, SYNONYM] for schema 'SQLJ'
[06 Dec 2015 20:12:28] Retrieving [TABLE, VIEW, SYNONYM] for schema 'SYSCAT'
[06 Dec 2015 20:12:28] Retrieving [TABLE, VIEW, SYNONYM] for schema 'SYSCS_DIAG'
[06 Dec 2015 20:12:28] Retrieving [TABLE, VIEW, SYNONYM] for schema 'SYSCS_UTIL'
[06 Dec 2015 20:12:28] Retrieving [TABLE, VIEW, SYNONYM] for schema 'SYSFUN'
[06 Dec 2015 20:12:28] Retrieving [TABLE, VIEW, SYNONYM] for schema 'SYSPROC'
[06 Dec 2015 20:12:28] Retrieving [TABLE, VIEW, SYNONYM] for schema 'SYSSTAT'
[06 Dec 2015 20:12:28] Retrieving columns for 'APP.AUTHOR' [type = TABLE]
[06 Dec 2015 20:12:28]   Found column: AID [type = INTEGER][SQL/XOPEN type = 4][size = 10][dec. digits = 0]
[06 Dec 2015 20:12:28]   Found column: ADDRESS [type = VARCHAR][SQL/XOPEN type = 12][size = 255][dec. digits = 0]
[06 Dec 2015 20:12:28]   Found column: EMAIL [type = VARCHAR][SQL/XOPEN type = 12][size = 255][dec. digits = 0]
[06 Dec 2015 20:12:28]   Found column: ATTRIBUTE4 [type = VARCHAR][SQL/XOPEN type = 12][size = 255][dec. digits = 0]
[06 Dec 2015 20:12:28]   Found column: TELEPHONE_NUMBER [type = VARCHAR][SQL/XOPEN type = 12][size = 255][dec. digits = 0]
[06 Dec 2015 20:12:28] Retrieving primary keys for 'APP.AUTHOR' [type = TABLE]
[06 Dec 2015 20:12:28]   Found primary key column: AID
[06 Dec 2015 20:12:28] Retrieving columns for 'APP.GROUP' [type = TABLE]
[06 Dec 2015 20:12:28]   Found column: OID [type = INTEGER][SQL/XOPEN type = 4][size = 10][dec. digits = 0]
[06 Dec 2015 20:12:28]   Found column: GROUPNAME [type = VARCHAR][SQL/XOPEN type = 12][size = 255][dec. digits = 0]
[06 Dec 2015 20:12:28]   Found column: MODULE_OID [type = INTEGER][SQL/XOPEN type = 4][size = 10][dec. digits = 0]
[06 Dec 2015 20:12:28] Retrieving primary keys for 'APP.GROUP' [type = TABLE]
[06 Dec 2015 20:12:28]   Found primary key column: OID
[06 Dec 2015 20:12:28] Retrieving columns for 'APP.GROUP_MODULE' [type = TABLE]
[06 Dec 2015 20:12:28]   Found column: GROUP_OID [type = INTEGER][SQL/XOPEN type = 4][size = 10][dec. digits = 0]
[06 Dec 2015 20:12:28]   Found column: MODULE_OID [type = INTEGER][SQL/XOPEN type = 4][size = 10][dec. digits = 0]
[06 Dec 2015 20:12:28] Retrieving primary keys for 'APP.GROUP_MODULE' [type = TABLE]
[06 Dec 2015 20:12:28]   Found primary key column: GROUP_OID
[06 Dec 2015 20:12:28]   Found primary key column: MODULE_OID
[06 Dec 2015 20:12:28] Retrieving columns for 'APP.MESSAGE' [type = TABLE]
[06 Dec 2015 20:12:28]   Found column: OID [type = INTEGER][SQL/XOPEN type = 4][size = 10][dec. digits = 0]
[06 Dec 2015 20:12:28]   Found column: MESSAGE [type = VARCHAR][SQL/XOPEN type = 12][size = 255][dec. digits = 0]
[06 Dec 2015 20:12:28]   Found column: TIMESTAMP [type = TIMESTAMP][SQL/XOPEN type = 93][size = 26][dec. digits = 6]
[06 Dec 2015 20:12:28]   Found column: AID [type = INTEGER][SQL/XOPEN type = 4][size = 10][dec. digits = 0]
[06 Dec 2015 20:12:28] Retrieving primary keys for 'APP.MESSAGE' [type = TABLE]
[06 Dec 2015 20:12:28]   Found primary key column: OID
[06 Dec 2015 20:12:28] Retrieving columns for 'APP.MODULE' [type = TABLE]
[06 Dec 2015 20:12:28]   Found column: OID [type = INTEGER][SQL/XOPEN type = 4][size = 10][dec. digits = 0]
[06 Dec 2015 20:12:28]   Found column: MODULEID [type = VARCHAR][SQL/XOPEN type = 12][size = 255][dec. digits = 0]
[06 Dec 2015 20:12:28]   Found column: MODULENAME [type = VARCHAR][SQL/XOPEN type = 12][size = 255][dec. digits = 0]
[06 Dec 2015 20:12:28] Retrieving primary keys for 'APP.MODULE' [type = TABLE]
[06 Dec 2015 20:12:28]   Found primary key column: OID
[06 Dec 2015 20:12:28] Retrieving columns for 'APP.USER' [type = TABLE]
[06 Dec 2015 20:12:28]   Found column: OID [type = INTEGER][SQL/XOPEN type = 4][size = 10][dec. digits = 0]
[06 Dec 2015 20:12:28]   Found column: USERNAME [type = VARCHAR][SQL/XOPEN type = 12][size = 255][dec. digits = 0]
[06 Dec 2015 20:12:28]   Found column: PASSWORD [type = VARCHAR][SQL/XOPEN type = 12][size = 255][dec. digits = 0]
[06 Dec 2015 20:12:28]   Found column: EMAIL [type = VARCHAR][SQL/XOPEN type = 12][size = 255][dec. digits = 0]
[06 Dec 2015 20:12:28]   Found column: GROUP_OID [type = INTEGER][SQL/XOPEN type = 4][size = 10][dec. digits = 0]
[06 Dec 2015 20:12:28]   Found column: AUTHOR_AID [type = INTEGER][SQL/XOPEN type = 4][size = 10][dec. digits = 0]
[06 Dec 2015 20:12:28] Retrieving primary keys for 'APP.USER' [type = TABLE]
[06 Dec 2015 20:12:28]   Found primary key column: OID
[06 Dec 2015 20:12:28] Retrieving columns for 'APP.USER_GROUP' [type = TABLE]
[06 Dec 2015 20:12:28]   Found column: USER_OID [type = INTEGER][SQL/XOPEN type = 4][size = 10][dec. digits = 0]
[06 Dec 2015 20:12:28]   Found column: GROUP_OID [type = INTEGER][SQL/XOPEN type = 4][size = 10][dec. digits = 0]
[06 Dec 2015 20:12:28] Retrieving primary keys for 'APP.USER_GROUP' [type = TABLE]
[06 Dec 2015 20:12:28]   Found primary key column: USER_OID
[06 Dec 2015 20:12:28]   Found primary key column: GROUP_OID
[06 Dec 2015 20:12:28] Retrieving columns for 'APP.MESSAGETOAUTHOR_VIEW' [type = VIEW]
[06 Dec 2015 20:12:28]   Found column: S_OID [type = INTEGER][SQL/XOPEN type = 4][size = 10][dec. digits = 0]
[06 Dec 2015 20:12:28]   Found column: T_AID [type = INTEGER][SQL/XOPEN type = 4][size = 10][dec. digits = 0]
[06 Dec 2015 20:12:28] Retrieving primary keys for 'APP.MESSAGETOAUTHOR_VIEW' [type = VIEW]
[06 Dec 2015 20:12:29] Database connection closed
